  Could Not Find C:\Development\ADCSExitPlus-master\adcsexitplus_i.c
  Processing .\adcsexitplus.idl
  adcsexitplus.idl
  Processing C:\Program Files (x86)\Windows Kits\10\Include\10.0.17763.0\shared\wtypes.idl
  wtypes.idl
  Processing C:\Program Files (x86)\Windows Kits\10\Include\10.0.17763.0\shared\wtypesbase.idl
  wtypesbase.idl
  Processing C:\Program Files (x86)\Windows Kits\10\Include\10.0.17763.0\shared\basetsd.h
  basetsd.h
  Processing C:\Program Files (x86)\Windows Kits\10\Include\10.0.17763.0\shared\guiddef.h
  guiddef.h
  Processing C:\Program Files (x86)\Windows Kits\10\Include\10.0.17763.0\um\certexit.idl
  certexit.idl
  Processing C:\Program Files (x86)\Windows Kits\10\Include\10.0.17763.0\um\certmod.idl
  certmod.idl
  Processing C:\Program Files (x86)\Windows Kits\10\Include\10.0.17763.0\um\oaidl.idl
  oaidl.idl
  Processing C:\Program Files (x86)\Windows Kits\10\Include\10.0.17763.0\um\objidl.idl
  objidl.idl
  Processing C:\Program Files (x86)\Windows Kits\10\Include\10.0.17763.0\um\unknwn.idl
  unknwn.idl
  Processing C:\Program Files (x86)\Windows Kits\10\Include\10.0.17763.0\um\oaidl.acf
  oaidl.acf
cl : Command line warning D9035: option 'Gm' has been deprecated and will be removed in a future release
  pch.cpp
  module.cpp
  exit.cpp
  adcsexitplus.cpp
  celib.cpp
  ceerror.cpp
  cedebug.cpp
  Generating Code...
cl : Command line warning D9035: option 'Gm' has been deprecated and will be removed in a future release
  adcsexitplus_i.c
     Creating library C:\Development\ADCSExitPlus-master\Debug\ADCSExitPlus.lib and object C:\Development\ADCSExitPlus-master\Debug\ADCSExitPlus.exp
  ADCSExitPlus.vcxproj -> C:\Development\ADCSExitPlus-master\Debug\ADCSExitPlus.dll
