  Processing .\adcsexitplus.idl
  adcsexitplus.idl
  Processing C:\Program Files (x86)\Windows Kits\10\Include\10.0.17763.0\shared\wtypes.idl
  wtypes.idl
  Processing C:\Program Files (x86)\Windows Kits\10\Include\10.0.17763.0\shared\wtypesbase.idl
  wtypesbase.idl
  Processing C:\Program Files (x86)\Windows Kits\10\Include\10.0.17763.0\shared\basetsd.h
  basetsd.h
  Processing C:\Program Files (x86)\Windows Kits\10\Include\10.0.17763.0\shared\guiddef.h
  guiddef.h
  Processing C:\Program Files (x86)\Windows Kits\10\Include\10.0.17763.0\um\certexit.idl
  certexit.idl
  Processing C:\Program Files (x86)\Windows Kits\10\Include\10.0.17763.0\um\certmod.idl
  certmod.idl
  Processing C:\Program Files (x86)\Windows Kits\10\Include\10.0.17763.0\um\oaidl.idl
  oaidl.idl
  Processing C:\Program Files (x86)\Windows Kits\10\Include\10.0.17763.0\um\objidl.idl
  objidl.idl
  Processing C:\Program Files (x86)\Windows Kits\10\Include\10.0.17763.0\um\unknwn.idl
  unknwn.idl
  Processing C:\Program Files (x86)\Windows Kits\10\Include\10.0.17763.0\um\oaidl.acf
  oaidl.acf
  exit.cpp
  pch.cpp
  adcsexitplus_i.c
     Creating library C:\Development\ADCSExitPlus-master\Release\ADCSExitPlus.lib and object C:\Development\ADCSExitPlus-master\Release\ADCSExitPlus.exp
  Generating code
  4 of 463 functions ( 0.9%) were compiled, the rest were copied from previous compilation.
    0 functions were new in current compilation
    1 functions had inline decision re-evaluated but remain unchanged
  Finished generating code
  ADCSExitPlus.vcxproj -> C:\Development\ADCSExitPlus-master\Release\ADCSExitPlus.dll
